#
# A fatal error has been detected by the Java Runtime Environment:
#
#  EXCEPTION_ACCESS_VIOLATION (0xc0000005) at pc=0x00007ff8a18e1a86, pid=2812, tid=7468
#
# JRE version: OpenJDK Runtime Environment (11.0.12+7) (build 11.0.12+7-b1504.28-7817840)
# Java VM: OpenJDK 64-Bit Server VM (11.0.12+7-b1504.28-7817840, mixed mode, tiered, compressed oops, g1 gc, windows-amd64)
# Problematic frame:
# V  [jvm.dll+0x191a86]
#
# No core dump will be written. Minidumps are not enabled by default on client versions of Windows
#
# If you would like to submit a bug report, please visit:
#   https://bugreport.java.com/bugreport/crash.jsp
#

---------------  S U M M A R Y ------------

Command Line: --add-opens=java.base/java.util=ALL-UNNAMED --add-opens=java.base/java.lang=ALL-UNNAMED --add-opens=java.base/java.lang.invoke=ALL-UNNAMED --add-opens=java.base/java.util=ALL-UNNAMED --add-opens=java.prefs/java.util.prefs=ALL-UNNAMED --add-opens=java.prefs/java.util.prefs=ALL-UNNAMED --add-opens=java.base/java.nio.charset=ALL-UNNAMED --add-opens=java.base/java.net=ALL-UNNAMED --add-opens=java.base/java.util.concurrent.atomic=ALL-UNNAMED -Xmx2048m -Dfile.encoding=UTF-8 -Duser.country=US -Duser.language=en -Duser.variant org.gradle.launcher.daemon.bootstrap.GradleDaemon 7.3.3

Host: Intel(R) Core(TM) i5-2430M CPU @ 2.40GHz, 4 cores, 15G,  Windows 10 , 64 bit Build 21996 (10.0.21996.1)
Time: Sat Oct  1 01:47:27 2022 Pakistan Standard Time elapsed time: 155.788581 seconds (0d 0h 2m 35s)

---------------  T H R E A D  ---------------

Current thread (0x0000015e827fe800):  GCTaskThread "GC Thread#1" [stack: 0x000000199f000000,0x000000199f100000] [id=7468]

Stack: [0x000000199f000000,0x000000199f100000],  sp=0x000000199f0ff258,  free space=1020k
Native frames: (J=compiled Java code, j=interpreted, Vv=VM code, C=native code)
V  [jvm.dll+0x191a86]


siginfo: EXCEPTION_ACCESS_VIOLATION (0xc0000005), reading address 0x0000000000000008


Register to memory mapping:

RIP=0x00007ff8a18e1a86 jvm.dll
RAX=0x0000000000000001 is an unknown value
RBX=0x0000000089acd210 is pointing into object: com.sun.beans.introspect.MethodInfo 
{0x0000000089acd200} - klass: 'com/sun/beans/introspect/MethodInfo'
RCX=0x000000008c809fd0 is pointing into object: java.lang.reflect.Method 
{0x000000008c809f98} - klass: 'java/lang/reflect/Method'
RDX=0x000000008c809fd0 is pointing into object: java.lang.reflect.Method 
{0x000000008c809f98} - klass: 'java/lang/reflect/Method'
RSP=0x000000199f0ff258 points into unknown readable memory: 0x00007ff8a1a5725c | 5c 72 a5 a1 f8 7f 00 00
RBP=0x8c80a30880870738 is an unknown value
RSI=0x0000015e84045940 points into unknown readable memory: 0x00007ff8a1f844e8 | e8 44 f8 a1 f8 7f 00 00
RDI=0x0000015e84045940 points into unknown readable memory: 0x00007ff8a1f844e8 | e8 44 f8 a1 f8 7f 00 00
R8 =0x000000008c809fd0 is pointing into object: java.lang.reflect.Method 
{0x000000008c809f98} - klass: 'java/lang/reflect/Method'
R9 =0x0 is NULL
R10=0x000000008c809fd0 is pointing into object: java.lang.reflect.Method 
{0x000000008c809f98} - klass: 'java/lang/reflect/Method'
R11=0x0000015e84045ab0 points into unknown readable memory: 0x00007ff8a1f844a0 | a0 44 f8 a1 f8 7f 00 00
R12=0x0 is NULL
R13=0x0 is NULL
R14=0x0000015ee76494c0 points into unknown readable memory: 0x00000423000001e4 | e4 01 00 00 23 04 00 00
R15=0x000000008c809fd0 is pointing into object: java.lang.reflect.Method 
{0x000000008c809f98} - klass: 'java/lang/reflect/Method'


Registers:
RAX=0x0000000000000001, RBX=0x0000000089acd210, RCX=0x000000008c809fd0, RDX=0x000000008c809fd0
RSP=0x000000199f0ff258, RBP=0x8c80a30880870738, RSI=0x0000015e84045940, RDI=0x0000015e84045940
R8 =0x000000008c809fd0, R9 =0x0000000000000000, R10=0x000000008c809fd0, R11=0x0000015e84045ab0
R12=0x0000000000000000, R13=0x0000000000000000, R14=0x0000015ee76494c0, R15=0x000000008c809fd0
RIP=0x00007ff8a18e1a86, EFLAGS=0x0000000000010246

Top of Stack: (sp=0x000000199f0ff258)
0x000000199f0ff258:   00007ff8a1a5725c 0000000089acd101
0x000000199f0ff268:   0000000000000005 0000015e84045940
0x000000199f0ff278:   000000005cd5d6b3 00000056cd9df80b
0x000000199f0ff288:   000000199f0ff3a8 0000003b9f0ff3b8
0x000000199f0ff298:   000000000000000d 0000000000000000
0x000000199f0ff2a8:   0000015e84045940 0000000000000000
0x000000199f0ff2b8:   0000015ee76494c0 0000000000000000
0x000000199f0ff2c8:   0000015e84045940 000000199e4fea70
0x000000199f0ff2d8:   00007ff8a1a29052 0000000089acafb8
0x000000199f0ff2e8:   00007ff8a1a56301 0000000089acafb8
0x000000199f0ff2f8:   0000000089acd210 0000015ee7649440
0x000000199f0ff308:   00007ff8a1a557ab 00000000000001e4
0x000000199f0ff318:   0000000000000000 0000000089acafa0
0x000000199f0ff328:   00007ff8a1a575d8 0000000089b7b301
0x000000199f0ff338:   0000000000000005 00000422000001c8
0x000000199f0ff348:   00000423000001c8 000002030000056f 

Instructions: (pc=0x00007ff8a18e1a86)
0x00007ff8a18e1986:   48 89 5c 24 20 e8 f0 00 00 00 80 7f 30 00 48 63
0x00007ff8a18e1996:   c8 48 89 4c 24 28 0f 28 44 24 20 74 17 0f 11 86
0x00007ff8a18e19a6:   98 03 00 00 48 8b 5c 24 40 48 8b 74 24 48 48 83
0x00007ff8a18e19b6:   c4 30 5f c3 48 8b 07 48 8d 54 24 20 48 8b cf 66
0x00007ff8a18e19c6:   0f 7f 44 24 20 ff 50 38 48 8b 5c 24 40 48 8b 74
0x00007ff8a18e19d6:   24 48 48 83 c4 30 5f c3 cc cc 40 53 48 83 ec 30
0x00007ff8a18e19e6:   0f 10 82 98 03 00 00 48 8b da 0f 10 c8 66 0f 73
0x00007ff8a18e19f6:   d9 08 66 48 0f 7e c8 48 85 c0 74 28 48 8b 01 48
0x00007ff8a18e1a06:   8d 54 24 20 0f 29 44 24 20 ff 50 40 33 c0 48 89
0x00007ff8a18e1a16:   44 24 20 48 89 44 24 28 0f 10 44 24 20 0f 11 83
0x00007ff8a18e1a26:   98 03 00 00 48 83 c4 30 5b c3 48 8b 49 38 48 8b
0x00007ff8a18e1a36:   01 48 ff 60 28 cc cc cc cc cc 80 3d 91 a6 87 00
0x00007ff8a18e1a46:   00 48 8b c1 74 1b 8b 51 08 8b 0d 83 13 83 00 48
0x00007ff8a18e1a56:   d3 e2 48 8b c8 48 03 15 6e 13 83 00 e9 19 00 00
0x00007ff8a18e1a66:   00 48 8b 51 08 48 8b c8 e9 0d 00 00 00 cc cc cc
0x00007ff8a18e1a76:   cc cc cc cc cc cc cc cc cc cc 4c 8b ca 48 8b d1
0x00007ff8a18e1a86:   45 8b 41 08 45 85 c0 7e 0e 41 f6 c0 01 75 59 41
0x00007ff8a18e1a96:   c1 f8 03 41 8b c0 c3 79 4f 80 3d 32 a6 87 00 00
0x00007ff8a18e1aa6:   b8 0c 00 00 00 b9 10 00 00 00 0f 45 c8 8b 05 ab
0x00007ff8a18e1ab6:   5c 81 00 ff c8 4c 63 c8 48 63 c1 41 8b c8 83 e1
0x00007ff8a18e1ac6:   3f 48 63 14 10 41 8b c0 48 c1 f8 10 0f b6 c0 48
0x00007ff8a18e1ad6:   d3 e2 49 8d 0c 11 49 f7 d1 48 03 c1 49 c1 e9 03
0x00007ff8a18e1ae6:   48 c1 e8 03 41 23 c1 c3 49 8b 01 49 8b c9 48 ff
0x00007ff8a18e1af6:   a0 10 01 00 00 cc cc cc cc cc 48 83 ec 38 0f 10
0x00007ff8a18e1b06:   02 48 8b 49 38 48 8d 54 24 20 0f 29 44 24 20 e8
0x00007ff8a18e1b16:   66 f0 ff ff 48 83 c4 38 c3 cc 48 89 5c 24 08 55
0x00007ff8a18e1b26:   56 57 41 54 41 55 41 56 41 57 48 8d 6c 24 e0 48
0x00007ff8a18e1b36:   81 ec 20 01 00 00 48 8b 05 7d 99 84 00 48 33 c4
0x00007ff8a18e1b46:   48 89 45 10 48 8b 05 ff 0f 87 00 45 33 ed 4c 8b
0x00007ff8a18e1b56:   b5 80 00 00 00 4c 8b fa 48 8b bd 88 00 00 00 4d
0x00007ff8a18e1b66:   8b c6 49 8b d6 49 8b f1 48 8b 48 38 48 8b 59 48
0x00007ff8a18e1b76:   49 8b cf c7 45 c0 ff ff ff ff 44 89 6d d4 4c 89 


Stack slot to memory mapping:
stack at sp + 0 slots: 0x00007ff8a1a5725c jvm.dll
stack at sp + 1 slots: 0x0000000089acd101 is pointing into object: java.util.TreeMap$Entry 
{0x0000000089acd0e0} - klass: 'java/util/TreeMap$Entry'
stack at sp + 2 slots: 0x0000000000000005 is an unknown value
stack at sp + 3 slots: 0x0000015e84045940 points into unknown readable memory: 0x00007ff8a1f844e8 | e8 44 f8 a1 f8 7f 00 00
stack at sp + 4 slots: 0x000000005cd5d6b3 is an unknown value
stack at sp + 5 slots: 0x00000056cd9df80b is an unknown value
stack at sp + 6 slots: 0x000000199f0ff3a8 points into unknown readable memory: 0x00007ff8a1a57b2a | 2a 7b a5 a1 f8 7f 00 00
stack at sp + 7 slots: 0x0000003b9f0ff3b8 is an unknown value


---------------  P R O C E S S  ---------------

Threads class SMR info:
_java_thread_list=0x0000015e8483c0a0, length=33, elements={
0x0000015ee762c800, 0x0000015effa96800, 0x0000015effa99000, 0x0000015effaf4800,
0x0000015effaf5800, 0x0000015effaf8800, 0x0000015effafa000, 0x0000015effb00800,
0x0000015effb04000, 0x0000015effc65800, 0x0000015e83d48000, 0x0000015e84812800,
0x0000015e8439d800, 0x0000015e8439f800, 0x0000015e83eec000, 0x0000015e83ee9000,
0x0000015e83eea800, 0x0000015e83eeb800, 0x0000015e83ee8000, 0x0000015e8466d000,
0x0000015e8466c800, 0x0000015e8466f000, 0x0000015e84671800, 0x0000015e84673000,
0x0000015e84678000, 0x0000015e84674000, 0x0000015e84676000, 0x0000015e84678800,
0x0000015e84677000, 0x0000015e84674800, 0x0000015e84679800, 0x0000015e8467a800,
0x0000015e8467b000
}

Java Threads: ( => current thread )
  0x0000015ee762c800 JavaThread "main" [_thread_blocked, id=4800, stack(0x000000199de00000,0x000000199df00000)]
  0x0000015effa96800 JavaThread "Reference Handler" daemon [_thread_blocked, id=1344, stack(0x000000199e500000,0x000000199e600000)]
  0x0000015effa99000 JavaThread "Finalizer" daemon [_thread_blocked, id=4164, stack(0x000000199e600000,0x000000199e700000)]
  0x0000015effaf4800 JavaThread "Signal Dispatcher" daemon [_thread_blocked, id=7888, stack(0x000000199e700000,0x000000199e800000)]
  0x0000015effaf5800 JavaThread "Attach Listener" daemon [_thread_blocked, id=7460, stack(0x000000199e800000,0x000000199e900000)]
  0x0000015effaf8800 JavaThread "Service Thread" daemon [_thread_blocked, id=5784, stack(0x000000199e900000,0x000000199ea00000)]
  0x0000015effafa000 JavaThread "C2 CompilerThread0" daemon [_thread_blocked, id=5156, stack(0x000000199ea00000,0x000000199eb00000)]
  0x0000015effb00800 JavaThread "C1 CompilerThread0" daemon [_thread_blocked, id=3560, stack(0x000000199eb00000,0x000000199ec00000)]
  0x0000015effb04000 JavaThread "Sweeper thread" daemon [_thread_blocked, id=3344, stack(0x000000199ec00000,0x000000199ed00000)]
  0x0000015effc65800 JavaThread "Common-Cleaner" daemon [_thread_blocked, id=6608, stack(0x000000199ed00000,0x000000199ee00000)]
  0x0000015e83d48000 JavaThread "Daemon health stats" [_thread_blocked, id=8176, stack(0x000000199f300000,0x000000199f400000)]
  0x0000015e84812800 JavaThread "Incoming local TCP Connector on port 51169" [_thread_in_native, id=2284, stack(0x000000199ef00000,0x000000199f000000)]
  0x0000015e8439d800 JavaThread "Daemon periodic checks" [_thread_blocked, id=3100, stack(0x000000199f400000,0x000000199f500000)]
  0x0000015e8439f800 JavaThread "Cache worker for journal cache (C:\Users\Saad\.gradle\caches\journal-1)" [_thread_blocked, id=7792, stack(0x000000199fc00000,0x000000199fd00000)]
  0x0000015e83eec000 JavaThread "File lock request listener" [_thread_in_native, id=7404, stack(0x000000199fd00000,0x000000199fe00000)]
  0x0000015e83ee9000 JavaThread "Cache worker for file hash cache (C:\Users\Saad\.gradle\caches\7.3.3\fileHashes)" [_thread_blocked, id=2280, stack(0x000000199fe00000,0x000000199ff00000)]
  0x0000015e83eea800 JavaThread "File watcher server" daemon [_thread_in_native, id=2996, stack(0x00000019a0100000,0x00000019a0200000)]
  0x0000015e83eeb800 JavaThread "File watcher consumer" daemon [_thread_blocked, id=4244, stack(0x00000019a0200000,0x00000019a0300000)]
  0x0000015e83ee8000 JavaThread "Cache worker for execution history cache (C:\Users\Saad\.gradle\caches\7.3.3\executionHistory)" [_thread_blocked, id=7556, stack(0x00000019a0600000,0x00000019a0700000)]
  0x0000015e8466d000 JavaThread "jar transforms" [_thread_blocked, id=5964, stack(0x00000019a0700000,0x00000019a0800000)]
  0x0000015e8466c800 JavaThread "Cache worker for file content cache (C:\Users\Saad\.gradle\caches\7.3.3\fileContent)" [_thread_blocked, id=7820, stack(0x00000019a0800000,0x00000019a0900000)]
  0x0000015e8466f000 JavaThread "jar transforms Thread 2" [_thread_blocked, id=7656, stack(0x00000019a0900000,0x00000019a0a00000)]
  0x0000015e84671800 JavaThread "Daemon Thread 2" [_thread_blocked, id=7176, stack(0x000000199db00000,0x000000199dc00000)]
  0x0000015e84673000 JavaThread "Handler for socket connection from /127.0.0.1:51169 to /127.0.0.1:51185" [_thread_in_native, id=4660, stack(0x000000199dc00000,0x000000199dd00000)]
  0x0000015e84678000 JavaThread "Cancel handler" [_thread_blocked, id=7028, stack(0x000000199dd00000,0x000000199de00000)]
  0x0000015e84674000 JavaThread "Daemon worker Thread 2" [_thread_blocked, id=4460, stack(0x000000199f500000,0x000000199f600000)]
  0x0000015e84676000 JavaThread "Asynchronous log dispatcher for DefaultDaemonConnection: socket connection from /127.0.0.1:51169 to /127.0.0.1:51185" [_thread_blocked, id=8096, stack(0x000000199f600000,0x000000199f700000)]
  0x0000015e84678800 JavaThread "Stdin handler" [_thread_blocked, id=6224, stack(0x000000199f700000,0x000000199f800000)]
  0x0000015e84677000 JavaThread "Daemon client event forwarder" [_thread_blocked, id=7692, stack(0x000000199f800000,0x000000199f900000)]
  0x0000015e84674800 JavaThread "Cache worker for file hash cache (C:\Users\Saad\AndroidStudioProjects\VLCDemo\.gradle\7.3.3\fileHashes)" [_thread_blocked, id=1940, stack(0x000000199f900000,0x000000199fa00000)]
  0x0000015e84679800 JavaThread "Cache worker for checksums cache (C:\Users\Saad\AndroidStudioProjects\VLCDemo\.gradle\7.3.3\checksums)" [_thread_blocked, id=7420, stack(0x000000199fa00000,0x000000199fb00000)]
  0x0000015e8467a800 JavaThread "Cache worker for cache directory md-supplier (C:\Users\Saad\.gradle\caches\7.3.3\md-supplier)" [_thread_blocked, id=5432, stack(0x000000199fb00000,0x000000199fc00000)]
  0x0000015e8467b000 JavaThread "Cache worker for cache directory md-rule (C:\Users\Saad\.gradle\caches\7.3.3\md-rule)" [_thread_blocked, id=7900, stack(0x000000199ff00000,0x00000019a0000000)]

Other Threads:
  0x0000015eff269800 VMThread "VM Thread" [stack: 0x000000199e400000,0x000000199e500000] [id=4680]
  0x0000015effc9f800 WatcherThread [stack: 0x000000199ee00000,0x000000199ef00000] [id=7240]
  0x0000015ee7646800 GCTaskThread "GC Thread#0" [stack: 0x000000199df00000,0x000000199e000000] [id=6176]
=>0x0000015e827fe800 GCTaskThread "GC Thread#1" [stack: 0x000000199f000000,0x000000199f100000] [id=7468]
  0x0000015effd6d000 GCTaskThread "GC Thread#2" [stack: 0x000000199f100000,0x000000199f200000] [id=8084]
  0x0000015e82231800 GCTaskThread "GC Thread#3" [stack: 0x000000199f200000,0x000000199f300000] [id=7216]
  0x0000015ee7678000 ConcurrentGCThread "G1 Main Marker" [stack: 0x000000199e000000,0x000000199e100000] [id=7924]
  0x0000015ee7679000 ConcurrentGCThread "G1 Conc#0" [stack: 0x000000199e100000,0x000000199e200000] [id=2672]
  0x0000015eff0d8800 ConcurrentGCThread "G1 Refine#0" [stack: 0x000000199e200000,0x000000199e300000] [id=7532]
  0x0000015eff0d9800 ConcurrentGCThread "G1 Young RemSet Sampling" [stack: 0x000000199e300000,0x000000199e400000] [id=5824]

Threads with active compile tasks:

VM state:at safepoint (normal execution)

VM Mutex/Monitor currently owned by a thread:  ([mutex/lock_event])
[0x0000015ee7628c60] Threads_lock - owner thread: 0x0000015eff269800
[0x0000015ee7629440] Heap_lock - owner thread: 0x0000015e84674000

Heap address: 0x0000000080000000, size: 2048 MB, Compressed Oops mode: 32-bit
Narrow klass base: 0x0000000000000000, Narrow klass shift: 3
Compressed class space size: 1073741824 Address: 0x0000000100000000

Heap:
 garbage-first heap   total 262144K, used 113138K [0x0000000080000000, 0x0000000100000000)
  region size 1024K, 97 young (99328K), 12 survivors (12288K)
 Metaspace       used 41438K, capacity 42516K, committed 42700K, reserved 1087488K
  class space    used 5251K, capacity 5606K, committed 5632K, reserved 1048576K
Heap Regions: E=young(eden), S=young(survivor), O=old, HS=humongous(starts), HC=humongous(continues), CS=collection set, F=free, A=archive, TAMS=top-at-mark-start (previous, next)
|   0|0x0000000080000000, 0x0000000080100000, 0x0000000080100000|100%| O|  |TAMS 0x0000000080100000, 0x0000000080000000| Untracked 
|   1|0x0000000080100000, 0x0000000080200000, 0x0000000080200000|100%| O|  |TAMS 0x0000000080200000, 0x0000000080100000| Untracked 
|   2|0x0000000080200000, 0x0000000080300000, 0x0000000080300000|100%| O|  |TAMS 0x0000000080300000, 0x0000000080200000| Untracked 
|   3|0x0000000080300000, 0x0000000080400000, 0x0000000080400000|100%|HS|  |TAMS 0x0000000080400000, 0x0000000080300000| Complete 
|   4|0x0000000080400000, 0x0000000080500000, 0x0000000080500000|100%|HC|  |TAMS 0x0000000080500000, 0x0000000080400000| Complete 
|   5|0x0000000080500000, 0x0000000080600000, 0x0000000080600000|100%|HC|  |TAMS 0x0000000080600000, 0x0000000080500000| Complete 
|   6|0x0000000080600000, 0x0000000080700000, 0x0000000080700000|100%| O|  |TAMS 0x0000000080700000, 0x0000000080600000| Untracked 
|   7|0x0000000080700000, 0x0000000080800000, 0x0000000080800000|100%| O|  |TAMS 0x0000000080800000, 0x0000000080700000| Untracked 
|   8|0x0000000080800000, 0x0000000080900000, 0x0000000080900000|100%| O|  |TAMS 0x0000000080900000, 0x0000000080800000| Untracked 
|   9|0x0000000080900000, 0x0000000080a00000, 0x0000000080a00000|100%| O|  |TAMS 0x0000000080a00000, 0x0000000080900000| Untracked 
|  10|0x0000000080a00000, 0x0000000080b00000, 0x0000000080b00000|100%| O|  |TAMS 0x0000000080b00000, 0x0000000080a00000| Untracked 
|  11|0x0000000080b00000, 0x0000000080c00000, 0x0000000080c00000|100%| O|  |TAMS 0x0000000080c00000, 0x0000000080b00000| Untracked 
|  12|0x0000000080c00000, 0x0000000080d00000, 0x0000000080d00000|100%| O|  |TAMS 0x0000000080d00000, 0x0000000080c00000| Untracked 
|  13|0x0000000080d00000, 0x0000000080e00000, 0x0000000080e00000|100%| O|  |TAMS 0x0000000080e00000, 0x0000000080d00000| Untracked 
|  14|0x0000000080e00000, 0x0000000080f00000, 0x0000000080f00000|100%| O|  |TAMS 0x0000000080f00000, 0x0000000080e00000| Untracked 
|  15|0x0000000080f00000, 0x0000000081000000, 0x0000000081000000|100%| O|  |TAMS 0x0000000081000000, 0x0000000080f00000| Untracked 
|  16|0x0000000081000000, 0x000000008107c800, 0x0000000081100000| 48%| O|  |TAMS 0x000000008107c800, 0x0000000081000000| Untracked 
|  17|0x0000000081100000, 0x0000000081200000, 0x0000000081200000|100%|HS|  |TAMS 0x0000000081100000, 0x0000000081100000| Complete 
|  18|0x0000000081200000, 0x0000000081300000, 0x0000000081300000|100%|HS|  |TAMS 0x0000000081200000, 0x0000000081200000| Complete 
|  19|0x0000000081300000, 0x0000000081400000, 0x0000000081400000|100%|HC|  |TAMS 0x0000000081300000, 0x0000000081300000| Complete 
|  20|0x0000000081400000, 0x0000000081400000, 0x0000000081500000|  0%| F|  |TAMS 0x0000000081400000, 0x0000000081400000| Untracked 
|  21|0x0000000081500000, 0x0000000081500000, 0x0000000081600000|  0%| F|  |TAMS 0x0000000081500000, 0x0000000081500000| Untracked 
|  22|0x0000000081600000, 0x0000000081600000, 0x0000000081700000|  0%| F|  |TAMS 0x0000000081600000, 0x0000000081600000| Untracked 
|  23|0x0000000081700000, 0x0000000081700000, 0x0000000081800000|  0%| F|  |TAMS 0x0000000081700000, 0x0000000081700000| Untracked 
|  24|0x0000000081800000, 0x0000000081800000, 0x0000000081900000|  0%| F|  |TAMS 0x0000000081800000, 0x0000000081800000| Untracked 
|  25|0x0000000081900000, 0x0000000081900000, 0x0000000081a00000|  0%| F|  |TAMS 0x0000000081900000, 0x0000000081900000| Untracked 
|  26|0x0000000081a00000, 0x0000000081a00000, 0x0000000081b00000|  0%| F|  |TAMS 0x0000000081a00000, 0x0000000081a00000| Untracked 
|  27|0x0000000081b00000, 0x0000000081b00000, 0x0000000081c00000|  0%| F|  |TAMS 0x0000000081b00000, 0x0000000081b00000| Untracked 
|  28|0x0000000081c00000, 0x0000000081c00000, 0x0000000081d00000|  0%| F|  |TAMS 0x0000000081c00000, 0x0000000081c00000| Untracked 
|  29|0x0000000081d00000, 0x0000000081d00000, 0x0000000081e00000|  0%| F|  |TAMS 0x0000000081d00000, 0x0000000081d00000| Untracked 
|  30|0x0000000081e00000, 0x0000000081e00000, 0x0000000081f00000|  0%| F|  |TAMS 0x0000000081e00000, 0x0000000081e00000| Untracked 
|  31|0x0000000081f00000, 0x0000000081f00000, 0x0000000082000000|  0%| F|  |TAMS 0x0000000081f00000, 0x0000000081f00000| Untracked 
|  32|0x0000000082000000, 0x0000000082000000, 0x0000000082100000|  0%| F|  |TAMS 0x0000000082000000, 0x0000000082000000| Untracked 
|  33|0x0000000082100000, 0x0000000082100000, 0x0000000082200000|  0%| F|  |TAMS 0x0000000082100000, 0x0000000082100000| Untracked 
|  34|0x0000000082200000, 0x0000000082200000, 0x0000000082300000|  0%| F|  |TAMS 0x0000000082200000, 0x0000000082200000| Untracked 
|  35|0x0000000082300000, 0x0000000082300000, 0x0000000082400000|  0%| F|  |TAMS 0x0000000082300000, 0x0000000082300000| Untracked 
|  36|0x0000000082400000, 0x0000000082400000, 0x0000000082500000|  0%| F|  |TAMS 0x0000000082400000, 0x0000000082400000| Untracked 
|  37|0x0000000082500000, 0x0000000082500000, 0x0000000082600000|  0%| F|  |TAMS 0x0000000082500000, 0x0000000082500000| Untracked 
|  38|0x0000000082600000, 0x0000000082600000, 0x0000000082700000|  0%| F|  |TAMS 0x0000000082600000, 0x0000000082600000| Untracked 
|  39|0x0000000082700000, 0x0000000082700000, 0x0000000082800000|  0%| F|  |TAMS 0x0000000082700000, 0x0000000082700000| Untracked 
|  40|0x0000000082800000, 0x0000000082800000, 0x0000000082900000|  0%| F|  |TAMS 0x0000000082800000, 0x0000000082800000| Untracked 
|  41|0x0000000082900000, 0x0000000082900000, 0x0000000082a00000|  0%| F|  |TAMS 0x0000000082900000, 0x0000000082900000| Untracked 
|  42|0x0000000082a00000, 0x0000000082a00000, 0x0000000082b00000|  0%| F|  |TAMS 0x0000000082a00000, 0x0000000082a00000| Untracked 
|  43|0x0000000082b00000, 0x0000000082b00000, 0x0000000082c00000|  0%| F|  |TAMS 0x0000000082b00000, 0x0000000082b00000| Untracked 
|  44|0x0000000082c00000, 0x0000000082c00000, 0x0000000082d00000|  0%| F|  |TAMS 0x0000000082c00000, 0x0000000082c00000| Untracked 
|  45|0x0000000082d00000, 0x0000000082d00000, 0x0000000082e00000|  0%| F|  |TAMS 0x0000000082d00000, 0x0000000082d00000| Untracked 
|  46|0x0000000082e00000, 0x0000000082e00000, 0x0000000082f00000|  0%| F|  |TAMS 0x0000000082e00000, 0x0000000082e00000| Untracked 
|  47|0x0000000082f00000, 0x0000000082f00000, 0x0000000083000000|  0%| F|  |TAMS 0x0000000082f00000, 0x0000000082f00000| Untracked 
|  48|0x0000000083000000, 0x0000000083000000, 0x0000000083100000|  0%| F|  |TAMS 0x0000000083000000, 0x0000000083000000| Untracked 
|  49|0x0000000083100000, 0x0000000083100000, 0x0000000083200000|  0%| F|  |TAMS 0x0000000083100000, 0x0000000083100000| Untracked 
|  50|0x0000000083200000, 0x0000000083200000, 0x0000000083300000|  0%| F|  |TAMS 0x0000000083200000, 0x0000000083200000| Untracked 
|  51|0x0000000083300000, 0x0000000083300000, 0x0000000083400000|  0%| F|  |TAMS 0x0000000083300000, 0x0000000083300000| Untracked 
|  52|0x0000000083400000, 0x0000000083400000, 0x0000000083500000|  0%| F|  |TAMS 0x0000000083400000, 0x0000000083400000| Untracked 
|  53|0x0000000083500000, 0x0000000083500000, 0x0000000083600000|  0%| F|  |TAMS 0x0000000083500000, 0x0000000083500000| Untracked 
|  54|0x0000000083600000, 0x0000000083600000, 0x0000000083700000|  0%| F|  |TAMS 0x0000000083600000, 0x0000000083600000| Untracked 
|  55|0x0000000083700000, 0x0000000083700000, 0x0000000083800000|  0%| F|  |TAMS 0x0000000083700000, 0x0000000083700000| Untracked 
|  56|0x0000000083800000, 0x0000000083800000, 0x0000000083900000|  0%| F|  |TAMS 0x0000000083800000, 0x0000000083800000| Untracked 
|  57|0x0000000083900000, 0x0000000083900000, 0x0000000083a00000|  0%| F|  |TAMS 0x0000000083900000, 0x0000000083900000| Untracked 
|  58|0x0000000083a00000, 0x0000000083a00000, 0x0000000083b00000|  0%| F|  |TAMS 0x0000000083a00000, 0x0000000083a00000| Untracked 
|  59|0x0000000083b00000, 0x0000000083b00000, 0x0000000083c00000|  0%| F|  |TAMS 0x0000000083b00000, 0x0000000083b00000| Untracked 
|  60|0x0000000083c00000, 0x0000000083c00000, 0x0000000083d00000|  0%| F|  |TAMS 0x0000000083c00000, 0x0000000083c00000| Untracked 
|  61|0x0000000083d00000, 0x0000000083d00000, 0x0000000083e00000|  0%| F|  |TAMS 0x0000000083d00000, 0x0000000083d00000| Untracked 
|  62|0x0000000083e00000, 0x0000000083e00000, 0x0000000083f00000|  0%| F|  |TAMS 0x0000000083e00000, 0x0000000083e00000| Untracked 
|  63|0x0000000083f00000, 0x0000000083f00000, 0x0000000084000000|  0%| F|  |TAMS 0x0000000083f00000, 0x0000000083f00000| Untracked 
|  64|0x0000000084000000, 0x0000000084000000, 0x0000000084100000|  0%| F|  |TAMS 0x0000000084000000, 0x0000000084000000| Untracked 
|  65|0x0000000084100000, 0x0000000084100000, 0x0000000084200000|  0%| F|  |TAMS 0x0000000084100000, 0x0000000084100000| Untracked 
|  66|0x0000000084200000, 0x0000000084200000, 0x0000000084300000|  0%| F|  |TAMS 0x0000000084200000, 0x0000000084200000| Untracked 
|  67|0x0000000084300000, 0x0000000084300000, 0x0000000084400000|  0%| F|  |TAMS 0x0000000084300000, 0x0000000084300000| Untracked 
|  68|0x0000000084400000, 0x0000000084400000, 0x0000000084500000|  0%| F|  |TAMS 0x0000000084400000, 0x0000000084400000| Untracked 
|  69|0x0000000084500000, 0x0000000084500000, 0x0000000084600000|  0%| F|  |TAMS 0x0000000084500000, 0x0000000084500000| Untracked 
|  70|0x0000000084600000, 0x0000000084600000, 0x0000000084700000|  0%| F|  |TAMS 0x0000000084600000, 0x0000000084600000| Untracked 
|  71|0x0000000084700000, 0x0000000084700000, 0x0000000084800000|  0%| F|  |TAMS 0x0000000084700000, 0x0000000084700000| Untracked 
|  72|0x0000000084800000, 0x0000000084800000, 0x0000000084900000|  0%| F|  |TAMS 0x0000000084800000, 0x0000000084800000| Untracked 
|  73|0x0000000084900000, 0x0000000084900000, 0x0000000084a00000|  0%| F|  |TAMS 0x0000000084900000, 0x0000000084900000| Untracked 
|  74|0x0000000084a00000, 0x0000000084a00000, 0x0000000084b00000|  0%| F|  |TAMS 0x0000000084a00000, 0x0000000084a00000| Untracked 
|  75|0x0000000084b00000, 0x0000000084b00000, 0x0000000084c00000|  0%| F|  |TAMS 0x0000000084b00000, 0x0000000084b00000| Untracked 
|  76|0x0000000084c00000, 0x0000000084c00000, 0x0000000084d00000|  0%| F|  |TAMS 0x0000000084c00000, 0x0000000084c00000| Untracked 
|  77|0x0000000084d00000, 0x0000000084d00000, 0x0000000084e00000|  0%| F|  |TAMS 0x0000000084d00000, 0x0000000084d00000| Untracked 
|  78|0x0000000084e00000, 0x0000000084e00000, 0x0000000084f00000|  0%| F|  |TAMS 0x0000000084e00000, 0x0000000084e00000| Untracked 
|  79|0x0000000084f00000, 0x0000000084f00000, 0x0000000085000000|  0%| F|  |TAMS 0x0000000084f00000, 0x0000000084f00000| Untracked 
|  80|0x0000000085000000, 0x0000000085000000, 0x0000000085100000|  0%| F|  |TAMS 0x0000000085000000, 0x0000000085000000| Untracked 
|  81|0x0000000085100000, 0x0000000085100000, 0x0000000085200000|  0%| F|  |TAMS 0x0000000085100000, 0x0000000085100000| Untracked 
|  82|0x0000000085200000, 0x0000000085200000, 0x0000000085300000|  0%| F|  |TAMS 0x0000000085200000, 0x0000000085200000| Untracked 
|  83|0x0000000085300000, 0x0000000085300000, 0x0000000085400000|  0%| F|  |TAMS 0x0000000085300000, 0x0000000085300000| Untracked 
|  84|0x0000000085400000, 0x0000000085400000, 0x0000000085500000|  0%| F|  |TAMS 0x0000000085400000, 0x0000000085400000| Untracked 
|  85|0x0000000085500000, 0x0000000085500000, 0x0000000085600000|  0%| F|  |TAMS 0x0000000085500000, 0x0000000085500000| Untracked 
|  86|0x0000000085600000, 0x0000000085600000, 0x0000000085700000|  0%| F|  |TAMS 0x0000000085600000, 0x0000000085600000| Untracked 
|  87|0x0000000085700000, 0x0000000085700000, 0x0000000085800000|  0%| F|  |TAMS 0x0000000085700000, 0x0000000085700000| Untracked 
|  88|0x0000000085800000, 0x0000000085800000, 0x0000000085900000|  0%| F|  |TAMS 0x0000000085800000, 0x0000000085800000| Untracked 
|  89|0x0000000085900000, 0x0000000085900000, 0x0000000085a00000|  0%| F|  |TAMS 0x0000000085900000, 0x0000000085900000| Untracked 
|  90|0x0000000085a00000, 0x0000000085a00000, 0x0000000085b00000|  0%| F|  |TAMS 0x0000000085a00000, 0x0000000085a00000| Untracked 
|  91|0x0000000085b00000, 0x0000000085b00000, 0x0000000085c00000|  0%| F|  |TAMS 0x0000000085b00000, 0x0000000085b00000| Untracked 
|  92|0x0000000085c00000, 0x0000000085c00000, 0x0000000085d00000|  0%| F|  |TAMS 0x0000000085c00000, 0x0000000085c00000| Untracked 
|  93|0x0000000085d00000, 0x0000000085d00000, 0x0000000085e00000|  0%| F|  |TAMS 0x0000000085d00000, 0x0000000085d00000| Untracked 
|  94|0x0000000085e00000, 0x0000000085e00000, 0x0000000085f00000|  0%| F|  |TAMS 0x0000000085e00000, 0x0000000085e00000| Untracked 
|  95|0x0000000085f00000, 0x0000000085f00000, 0x0000000086000000|  0%| F|  |TAMS 0x0000000085f00000, 0x0000000085f00000| Untracked 
|  96|0x0000000086000000, 0x0000000086000000, 0x0000000086100000|  0%| F|  |TAMS 0x0000000086000000, 0x0000000086000000| Untracked 
|  97|0x0000000086100000, 0x0000000086100000, 0x0000000086200000|  0%| F|  |TAMS 0x0000000086100000, 0x0000000086100000| Untracked 
|  98|0x0000000086200000, 0x0000000086200000, 0x0000000086300000|  0%| F|  |TAMS 0x0000000086200000, 0x0000000086200000| Untracked 
|  99|0x0000000086300000, 0x0000000086300000, 0x0000000086400000|  0%| F|  |TAMS 0x0000000086300000, 0x0000000086300000| Untracked 
| 100|0x0000000086400000, 0x0000000086400000, 0x0000000086500000|  0%| F|  |TAMS 0x0000000086400000, 0x0000000086400000| Untracked 
| 101|0x0000000086500000, 0x0000000086500000, 0x0000000086600000|  0%| F|  |TAMS 0x0000000086500000, 0x0000000086500000| Untracked 
| 102|0x0000000086600000, 0x0000000086600000, 0x0000000086700000|  0%| F|  |TAMS 0x0000000086600000, 0x0000000086600000| Untracked 
| 103|0x0000000086700000, 0x0000000086700000, 0x0000000086800000|  0%| F|  |TAMS 0x0000000086700000, 0x0000000086700000| Untracked 
| 104|0x0000000086800000, 0x0000000086800000, 0x0000000086900000|  0%| F|  |TAMS 0x0000000086800000, 0x0000000086800000| Untracked 
| 105|0x0000000086900000, 0x0000000086900000, 0x0000000086a00000|  0%| F|  |TAMS 0x0000000086900000, 0x0000000086900000| Untracked 
| 106|0x0000000086a00000, 0x0000000086a00000, 0x0000000086b00000|  0%| F|  |TAMS 0x0000000086a00000, 0x0000000086a00000| Untracked 
| 107|0x0000000086b00000, 0x0000000086b00000, 0x0000000086c00000|  0%| F|  |TAMS 0x0000000086b00000, 0x0000000086b00000| Untracked 
| 108|0x0000000086c00000, 0x0000000086c00000, 0x0000000086d00000|  0%| F|  |TAMS 0x0000000086c00000, 0x0000000086c00000| Untracked 
| 109|0x0000000086d00000, 0x0000000086d00000, 0x0000000086e00000|  0%| F|  |TAMS 0x0000000086d00000, 0x0000000086d00000| Untracked 
| 110|0x0000000086e00000, 0x0000000086e00000, 0x0000000086f00000|  0%| F|  |TAMS 0x0000000086e00000, 0x0000000086e00000| Untracked 
| 111|0x0000000086f00000, 0x0000000086f00000, 0x0000000087000000|  0%| F|  |TAMS 0x0000000086f00000, 0x0000000086f00000| Untracked 
| 112|0x0000000087000000, 0x0000000087000000, 0x0000000087100000|  0%| F|  |TAMS 0x0000000087000000, 0x0000000087000000| Untracked 
| 113|0x0000000087100000, 0x0000000087100000, 0x0000000087200000|  0%| F|  |TAMS 0x0000000087100000, 0x0000000087100000| Untracked 
| 114|0x0000000087200000, 0x0000000087200000, 0x0000000087300000|  0%| F|  |TAMS 0x0000000087200000, 0x0000000087200000| Untracked 
| 115|0x0000000087300000, 0x0000000087300000, 0x0000000087400000|  0%| F|  |TAMS 0x0000000087300000, 0x0000000087300000| Untracked 
| 116|0x0000000087400000, 0x0000000087400000, 0x0000000087500000|  0%| F|  |TAMS 0x0000000087400000, 0x0000000087400000| Untracked 
| 117|0x0000000087500000, 0x0000000087500000, 0x0000000087600000|  0%| F|  |TAMS 0x0000000087500000, 0x0000000087500000| Untracked 
| 118|0x0000000087600000, 0x0000000087600000, 0x0000000087700000|  0%| F|  |TAMS 0x0000000087600000, 0x0000000087600000| Untracked 
| 119|0x0000000087700000, 0x0000000087700000, 0x0000000087800000|  0%| F|  |TAMS 0x0000000087700000, 0x0000000087700000| Untracked 
| 120|0x0000000087800000, 0x0000000087800000, 0x0000000087900000|  0%| F|  |TAMS 0x0000000087800000, 0x0000000087800000| Untracked 
| 121|0x0000000087900000, 0x0000000087900000, 0x0000000087a00000|  0%| F|  |TAMS 0x0000000087900000, 0x0000000087900000| Untracked 
| 122|0x0000000087a00000, 0x0000000087a00000, 0x0000000087b00000|  0%| F|  |TAMS 0x0000000087a00000, 0x0000000087a00000| Untracked 
| 123|0x0000000087b00000, 0x0000000087b00000, 0x0000000087c00000|  0%| F|  |TAMS 0x0000000087b00000, 0x0000000087b00000| Untracked 
| 124|0x0000000087c00000, 0x0000000087c00000, 0x0000000087d00000|  0%| F|  |TAMS 0x0000000087c00000, 0x0000000087c00000| Untracked 
| 125|0x0000000087d00000, 0x0000000087d00000, 0x0000000087e00000|  0%| F|  |TAMS 0x0000000087d00000, 0x0000000087d00000| Untracked 
| 126|0x0000000087e00000, 0x0000000087e00000, 0x0000000087f00000|  0%| F|  |TAMS 0x0000000087e00000, 0x0000000087e00000| Untracked 
| 127|0x0000000087f00000, 0x0000000087f00000, 0x0000000088000000|  0%| F|  |TAMS 0x0000000087f00000, 0x0000000087f00000| Untracked 
| 128|0x0000000088000000, 0x0000000088000000, 0x0000000088100000|  0%| F|  |TAMS 0x0000000088000000, 0x0000000088000000| Untracked 
| 129|0x0000000088100000, 0x0000000088100000, 0x0000000088200000|  0%| F|  |TAMS 0x0000000088100000, 0x0000000088100000| Untracked 
| 130|0x0000000088200000, 0x0000000088200000, 0x0000000088300000|  0%| F|  |TAMS 0x0000000088200000, 0x0000000088200000| Untracked 
| 131|0x0000000088300000, 0x0000000088300000, 0x0000000088400000|  0%| F|  |TAMS 0x0000000088300000, 0x0000000088300000| Untracked 
| 132|0x0000000088400000, 0x0000000088400000, 0x0000000088500000|  0%| F|  |TAMS 0x0000000088400000, 0x0000000088400000| Untracked 
| 133|0x0000000088500000, 0x0000000088500000, 0x0000000088600000|  0%| F|  |TAMS 0x0000000088500000, 0x0000000088500000| Untracked 
| 134|0x0000000088600000, 0x0000000088600000, 0x0000000088700000|  0%| F|  |TAMS 0x0000000088600000, 0x0000000088600000| Untracked 
| 135|0x0000000088700000, 0x0000000088700000, 0x0000000088800000|  0%| F|  |TAMS 0x0000000088700000, 0x0000000088700000| Untracked 
| 136|0x0000000088800000, 0x0000000088800000, 0x0000000088900000|  0%| F|  |TAMS 0x0000000088800000, 0x0000000088800000| Untracked 
| 137|0x0000000088900000, 0x0000000088900000, 0x0000000088a00000|  0%| F|  |TAMS 0x0000000088900000, 0x0000000088900000| Untracked 
| 138|0x0000000088a00000, 0x0000000088a00000, 0x0000000088b00000|  0%| F|  |TAMS 0x0000000088a00000, 0x0000000088a00000| Untracked 
| 139|0x0000000088b00000, 0x0000000088b00000, 0x0000000088c00000|  0%| F|  |TAMS 0x0000000088b00000, 0x0000000088b00000| Untracked 
| 140|0x0000000088c00000, 0x0000000088c00000, 0x0000000088d00000|  0%| F|  |TAMS 0x0000000088c00000, 0x0000000088c00000| Untracked 
| 141|0x0000000088d00000, 0x0000000088d00000, 0x0000000088e00000|  0%| F|  |TAMS 0x0000000088d00000, 0x0000000088d00000| Untracked 
| 142|0x0000000088e00000, 0x0000000088e00000, 0x0000000088f00000|  0%| F|  |TAMS 0x0000000088e00000, 0x0000000088e00000| Untracked 
| 143|0x0000000088f00000, 0x0000000088f00000, 0x0000000089000000|  0%| F|  |TAMS 0x0000000088f00000, 0x0000000088f00000| Untracked 
| 144|0x0000000089000000, 0x0000000089000000, 0x0000000089100000|  0%| F|  |TAMS 0x0000000089000000, 0x0000000089000000| Untracked 
| 145|0x0000000089100000, 0x0000000089100000, 0x0000000089200000|  0%| F|  |TAMS 0x0000000089100000, 0x0000000089100000| Untracked 
| 146|0x0000000089200000, 0x0000000089200000, 0x0000000089300000|  0%| F|  |TAMS 0x0000000089200000, 0x0000000089200000| Untracked 
| 147|0x0000000089300000, 0x0000000089300000, 0x0000000089400000|  0%| F|  |TAMS 0x0000000089300000, 0x0000000089300000| Untracked 
| 148|0x0000000089400000, 0x0000000089400000, 0x0000000089500000|  0%| F|  |TAMS 0x0000000089400000, 0x0000000089400000| Untracked 
| 149|0x0000000089500000, 0x0000000089500000, 0x0000000089600000|  0%| F|  |TAMS 0x0000000089500000, 0x0000000089500000| Untracked 
| 150|0x0000000089600000, 0x0000000089600000, 0x0000000089700000|  0%| F|  |TAMS 0x0000000089600000, 0x0000000089600000| Untracked 
| 151|0x0000000089700000, 0x0000000089700000, 0x0000000089800000|  0%| F|  |TAMS 0x0000000089700000, 0x0000000089700000| Untracked 
| 152|0x0000000089800000, 0x0000000089800000, 0x0000000089900000|  0%| F|  |TAMS 0x0000000089800000, 0x0000000089800000| Untracked 
| 153|0x0000000089900000, 0x00000000899baf30, 0x0000000089a00000| 73%| S|  |TAMS 0x0000000089900000, 0x0000000089900000| Complete 
| 154|0x0000000089a00000, 0x0000000089b00000, 0x0000000089b00000|100%| S|  |TAMS 0x0000000089a00000, 0x0000000089a00000| Complete 
| 155|0x0000000089b00000, 0x0000000089c00000, 0x0000000089c00000|100%| S|  |TAMS 0x0000000089b00000, 0x0000000089b00000| Complete 
| 156|0x0000000089c00000, 0x0000000089d00000, 0x0000000089d00000|100%| S|  |TAMS 0x0000000089c00000, 0x0000000089c00000| Complete 
| 157|0x0000000089d00000, 0x0000000089e00000, 0x0000000089e00000|100%| S|  |TAMS 0x0000000089d00000, 0x0000000089d00000| Complete 
| 158|0x0000000089e00000, 0x0000000089f00000, 0x0000000089f00000|100%| S|  |TAMS 0x0000000089e00000, 0x0000000089e00000| Complete 
| 159|0x0000000089f00000, 0x000000008a000000, 0x000000008a000000|100%| S|  |TAMS 0x0000000089f00000, 0x0000000089f00000| Complete 
| 160|0x000000008a000000, 0x000000008a100000, 0x000000008a100000|100%| S|  |TAMS 0x000000008a000000, 0x000000008a000000| Complete 
| 161|0x000000008a100000, 0x000000008a200000, 0x000000008a200000|100%| S|  |TAMS 0x000000008a100000, 0x000000008a100000| Complete 
| 162|0x000000008a200000, 0x000000008a300000, 0x000000008a300000|100%| S|  |TAMS 0x000000008a200000, 0x000000008a200000| Complete 
| 163|0x000000008a300000, 0x000000008a400000, 0x000000008a400000|100%| S|  |TAMS 0x000000008a300000, 0x000000008a300000| Complete 
| 164|0x000000008a400000, 0x000000008a500000, 0x000000008a500000|100%| S|  |TAMS 0x000000008a400000, 0x000000008a400000| Complete 
| 165|0x000000008a500000, 0x000000008a600000, 0x000000008a600000|100%| E|CS|TAMS 0x000000008a500000, 0x000000008a500000| Complete 
| 166|0x000000008a600000, 0x000000008a700000, 0x000000008a700000|100%| E|CS|TAMS 0x000000008a600000, 0x000000008a600000| Complete 
| 167|0x000000008a700000, 0x000000008a800000, 0x000000008a800000|100%| E|CS|TAMS 0x000000008a700000, 0x000000008a700000| Complete 
| 168|0x000000008a800000, 0x000000008a900000, 0x000000008a900000|100%| E|CS|TAMS 0x000000008a800000, 0x000000008a800000| Complete 
| 169|0x000000008a900000, 0x000000008aa00000, 0x000000008aa00000|100%| E|CS|TAMS 0x000000008a900000, 0x000000008a900000| Complete 
| 170|0x000000008aa00000, 0x000000008ab00000, 0x000000008ab00000|100%| E|CS|TAMS 0x000000008aa00000, 0x000000008aa00000| Complete 
| 171|0x000000008ab00000, 0x000000008ac00000, 0x000000008ac00000|100%| E|CS|TAMS 0x000000008ab00000, 0x000000008ab00000| Complete 
| 172|0x000000008ac00000, 0x000000008ad00000, 0x000000008ad00000|100%| E|CS|TAMS 0x000000008ac00000, 0x000000008ac00000| Complete 
| 173|0x000000008ad00000, 0x000000008ae00000, 0x000000008ae00000|100%| E|CS|TAMS 0x000000008ad00000, 0x000000008ad00000| Complete 
| 174|0x000000008ae00000, 0x000000008af00000, 0x000000008af00000|100%| E|CS|TAMS 0x000000008ae00000, 0x000000008ae00000| Complete 
| 175|0x000000008af00000, 0x000000008b000000, 0x000000008b000000|100%| E|CS|TAMS 0x000000008af00000, 0x000000008af00000| Complete 
| 176|0x000000008b000000, 0x000000008b100000, 0x000000008b100000|100%| E|CS|TAMS 0x000000008b000000, 0x000000008b000000| Complete 
| 177|0x000000008b100000, 0x000000008b200000, 0x000000008b200000|100%| E|CS|TAMS 0x000000008b100000, 0x000000008b100000| Complete 
| 178|0x000000008b200000, 0x000000008b300000, 0x000000008b300000|100%| E|CS|TAMS 0x000000008b200000, 0x000000008b200000| Complete 
| 179|0x000000008b300000, 0x000000008b400000, 0x000000008b400000|100%| E|CS|TAMS 0x000000008b300000, 0x000000008b300000| Complete 
| 180|0x000000008b400000, 0x000000008b500000, 0x000000008b500000|100%| E|CS|TAMS 0x000000008b400000, 0x000000008b400000| Complete 
| 181|0x000000008b500000, 0x000000008b600000, 0x000000008b600000|100%| E|CS|TAMS 0x000000008b500000, 0x000000008b500000| Complete 
| 182|0x000000008b600000, 0x000000008b700000, 0x000000008b700000|100%| E|CS|TAMS 0x000000008b600000, 0x000000008b600000| Complete 
| 183|0x000000008b700000, 0x000000008b800000, 0x000000008b800000|100%| E|CS|TAMS 0x000000008b700000, 0x000000008b700000| Complete 
| 184|0x000000008b800000, 0x000000008b900000, 0x000000008b900000|100%| E|CS|TAMS 0x000000008b800000, 0x000000008b800000| Complete 
| 185|0x000000008b900000, 0x000000008ba00000, 0x000000008ba00000|100%| E|CS|TAMS 0x000000008b900000, 0x000000008b900000| Complete 
| 186|0x000000008ba00000, 0x000000008bb00000, 0x000000008bb00000|100%| E|CS|TAMS 0x000000008ba00000, 0x000000008ba00000| Complete 
| 187|0x000000008bb00000, 0x000000008bc00000, 0x000000008bc00000|100%| E|CS|TAMS 0x000000008bb00000, 0x000000008bb00000| Complete 
| 188|0x000000008bc00000, 0x000000008bd00000, 0x000000008bd00000|100%| E|CS|TAMS 0x000000008bc00000, 0x000000008bc00000| Complete 
| 189|0x000000008bd00000, 0x000000008be00000, 0x000000008be00000|100%| E|CS|TAMS 0x000000008bd00000, 0x000000008bd00000| Complete 
| 190|0x000000008be00000, 0x000000008bf00000, 0x000000008bf00000|100%| E|CS|TAMS 0x000000008be00000, 0x000000008be00000| Complete 
| 191|0x000000008bf00000, 0x000000008c000000, 0x000000008c000000|100%| E|CS|TAMS 0x000000008bf00000, 0x000000008bf00000| Complete 
| 192|0x000000008c000000, 0x000000008c100000, 0x000000008c100000|100%| E|CS|TAMS 0x000000008c000000, 0x000000008c000000| Complete 
| 193|0x000000008c100000, 0x000000008c200000, 0x000000008c200000|100%| E|CS|TAMS 0x000000008c100000, 0x000000008c100000| Complete 
| 194|0x000000008c200000, 0x000000008c300000, 0x000000008c300000|100%| E|CS|TAMS 0x000000008c200000, 0x000000008c200000| Complete 
| 195|0x000000008c300000, 0x000000008c400000, 0x000000008c400000|100%| E|CS|TAMS 0x000000008c300000, 0x000000008c300000| Complete 
| 196|0x000000008c400000, 0x000000008c500000, 0x000000008c500000|100%| E|CS|TAMS 0x000000008c400000, 0x000000008c400000| Complete 
| 197|0x000000008c500000, 0x000000008c600000, 0x000000008c600000|100%| E|CS|TAMS 0x000000008c500000, 0x000000008c500000| Complete 
| 198|0x000000008c600000, 0x000000008c700000, 0x000000008c700000|100%| E|CS|TAMS 0x000000008c600000, 0x000000008c600000| Complete 
| 199|0x000000008c700000, 0x000000008c800000, 0x000000008c800000|100%| E|CS|TAMS 0x000000008c700000, 0x000000008c700000| Complete 
| 200|0x000000008c800000, 0x000000008c900000, 0x000000008c900000|100%| E|CS|TAMS 0x000000008c800000, 0x000000008c800000| Complete 
| 201|0x000000008c900000, 0x000000008ca00000, 0x000000008ca00000|100%| E|CS|TAMS 0x000000008c900000, 0x000000008c900000| Complete 
| 202|0x000000008ca00000, 0x000000008cb00000, 0x000000008cb00000|100%| E|CS|TAMS 0x000000008ca00000, 0x000000008ca00000| Complete 
| 203|0x000000008cb00000, 0x000000008cc00000, 0x000000008cc00000|100%| E|CS|TAMS 0x000000008cb00000, 0x000000008cb00000| Complete 
| 204|0x000000008cc00000, 0x000000008cd00000, 0x000000008cd00000|100%| E|CS|TAMS 0x000000008cc00000, 0x000000008cc00000| Complete 
| 205|0x000000008cd00000, 0x000000008ce00000, 0x000000008ce00000|100%| E|CS|TAMS 0x000000008cd00000, 0x000000008cd00000| Complete 
| 206|0x000000008ce00000, 0x000000008cf00000, 0x000000008cf00000|100%| E|CS|TAMS 0x000000008ce00000, 0x000000008ce00000| Complete 
| 207|0x000000008cf00000, 0x000000008d000000, 0x000000008d000000|100%| E|CS|TAMS 0x000000008cf00000, 0x000000008cf00000| Complete 
| 208|0x000000008d000000, 0x000000008d100000, 0x000000008d100000|100%| E|CS|TAMS 0x000000008d000000, 0x000000008d000000| Complete 
| 209|0x000000008d100000, 0x000000008d200000, 0x000000008d200000|100%| E|CS|TAMS 0x000000008d100000, 0x000000008d100000| Complete 
| 210|0x000000008d200000, 0x000000008d300000, 0x000000008d300000|100%| E|CS|TAMS 0x000000008d200000, 0x000000008d200000| Complete 
| 211|0x000000008d300000, 0x000000008d400000, 0x000000008d400000|100%| E|CS|TAMS 0x000000008d300000, 0x000000008d300000| Complete 
| 212|0x000000008d400000, 0x000000008d500000, 0x000000008d500000|100%| E|CS|TAMS 0x000000008d400000, 0x000000008d400000| Complete 
| 213|0x000000008d500000, 0x000000008d600000, 0x000000008d600000|100%| E|CS|TAMS 0x000000008d500000, 0x000000008d500000| Complete 
| 214|0x000000008d600000, 0x000000008d700000, 0x000000008d700000|100%| E|CS|TAMS 0x000000008d600000, 0x000000008d600000| Complete 
| 215|0x000000008d700000, 0x000000008d800000, 0x000000008d800000|100%| E|CS|TAMS 0x000000008d700000, 0x000000008d700000| Complete 
| 216|0x000000008d800000, 0x000000008d900000, 0x000000008d900000|100%| E|CS|TAMS 0x000000008d800000, 0x000000008d800000| Complete 
| 217|0x000000008d900000, 0x000000008da00000, 0x000000008da00000|100%| E|CS|TAMS 0x000000008d900000, 0x000000008d900000| Complete 
| 218|0x000000008da00000, 0x000000008db00000, 0x000000008db00000|100%| E|CS|TAMS 0x000000008da00000, 0x000000008da00000| Complete 
| 219|0x000000008db00000, 0x000000008dc00000, 0x000000008dc00000|100%| E|CS|TAMS 0x000000008db00000, 0x000000008db00000| Complete 
| 220|0x000000008dc00000, 0x000000008dd00000, 0x000000008dd00000|100%| E|CS|TAMS 0x000000008dc00000, 0x000000008dc00000| Complete 
| 221|0x000000008dd00000, 0x000000008de00000, 0x000000008de00000|100%| E|CS|TAMS 0x000000008dd00000, 0x000000008dd00000| Complete 
| 222|0x000000008de00000, 0x000000008df00000, 0x000000008df00000|100%| E|CS|TAMS 0x000000008de00000, 0x000000008de00000| Complete 
| 223|0x000000008df00000, 0x000000008e000000, 0x000000008e000000|100%| E|CS|TAMS 0x000000008df00000, 0x000000008df00000| Complete 
| 224|0x000000008e000000, 0x000000008e100000, 0x000000008e100000|100%| E|CS|TAMS 0x000000008e000000, 0x000000008e000000| Complete 
| 225|0x000000008e100000, 0x000000008e200000, 0x000000008e200000|100%| E|CS|TAMS 0x000000008e100000, 0x000000008e100000| Complete 
| 226|0x000000008e200000, 0x000000008e300000, 0x000000008e300000|100%| E|CS|TAMS 0x000000008e200000, 0x000000008e200000| Complete 
| 227|0x000000008e300000, 0x000000008e400000, 0x000000008e400000|100%| E|CS|TAMS 0x000000008e300000, 0x000000008e300000| Complete 
| 228|0x000000008e400000, 0x000000008e500000, 0x000000008e500000|100%| E|CS|TAMS 0x000000008e400000, 0x000000008e400000| Complete 
| 229|0x000000008e500000, 0x000000008e600000, 0x000000008e600000|100%| E|CS|TAMS 0x000000008e500000, 0x000000008e500000| Complete 
| 230|0x000000008e600000, 0x000000008e700000, 0x000000008e700000|100%| E|CS|TAMS 0x000000008e600000, 0x000000008e600000| Complete 
| 231|0x000000008e700000, 0x000000008e800000, 0x000000008e800000|100%| E|CS|TAMS 0x000000008e700000, 0x000000008e700000| Complete 
| 232|0x000000008e800000, 0x000000008e900000, 0x000000008e900000|100%| E|CS|TAMS 0x000000008e800000, 0x000000008e800000| Complete 
| 233|0x000000008e900000, 0x000000008ea00000, 0x000000008ea00000|100%| E|CS|TAMS 0x000000008e900000, 0x000000008e900000| Complete 
| 234|0x000000008ea00000, 0x000000008eb00000, 0x000000008eb00000|100%| E|CS|TAMS 0x000000008ea00000, 0x000000008ea00000| Complete 
| 235|0x000000008eb00000, 0x000000008ec00000, 0x000000008ec00000|100%| E|CS|TAMS 0x000000008eb00000, 0x000000008eb00000| Complete 
| 236|0x000000008ec00000, 0x000000008ed00000, 0x000000008ed00000|100%| E|CS|TAMS 0x000000008ec00000, 0x000000008ec00000| Complete 
| 237|0x000000008ed00000, 0x000000008ee00000, 0x000000008ee00000|100%| E|CS|TAMS 0x000000008ed00000, 0x000000008ed00000| Complete 
| 238|0x000000008ee00000, 0x000000008ef00000, 0x000000008ef00000|100%| E|CS|TAMS 0x000000008ee00000, 0x000000008ee00000| Complete 
| 239|0x000000008ef00000, 0x000000008f000000, 0x000000008f000000|100%| E|CS|TAMS 0x000000008ef00000, 0x000000008ef00000| Complete 
| 240|0x000000008f000000, 0x000000008f100000, 0x000000008f100000|100%| E|CS|TAMS 0x000000008f000000, 0x000000008f000000| Complete 
| 241|0x000000008f100000, 0x000000008f200000, 0x000000008f200000|100%| E|CS|TAMS 0x000000008f100000, 0x000000008f100000| Complete 
| 242|0x000000008f200000, 0x000000008f300000, 0x000000008f300000|100%| E|CS|TAMS 0x000000008f200000, 0x000000008f200000| Complete 
| 243|0x000000008f300000, 0x000000008f400000, 0x000000008f400000|100%| E|CS|TAMS 0x000000008f300000, 0x000000008f300000| Complete 
| 244|0x000000008f400000, 0x000000008f500000, 0x000000008f500000|100%| E|CS|TAMS 0x000000008f400000, 0x000000008f400000| Complete 
| 245|0x000000008f500000, 0x000000008f600000, 0x000000008f600000|100%| E|CS|TAMS 0x000000008f500000, 0x000000008f500000| Complete 
| 246|0x000000008f600000, 0x000000008f700000, 0x000000008f700000|100%| E|CS|TAMS 0x000000008f600000, 0x000000008f600000| Complete 
| 247|0x000000008f700000, 0x000000008f800000, 0x000000008f800000|100%| E|CS|TAMS 0x000000008f700000, 0x000000008f700000| Complete 
| 248|0x000000008f800000, 0x000000008f900000, 0x000000008f900000|100%| E|CS|TAMS 0x000000008f800000, 0x000000008f800000| Complete 
| 249|0x000000008f900000, 0x000000008fa00000, 0x000000008fa00000|100%| E|CS|TAMS 0x000000008f900000, 0x000000008f900000| Complete 
| 250|0x000000008fa00000, 0x000000008fb00000, 0x000000008fb00000|100%| E|CS|TAMS 0x000000008fa00000, 0x000000008fa00000| Complete 
| 251|0x000000008fb00000, 0x000000008fc00000, 0x000000008fc00000|100%| E|CS|TAMS 0x000000008fb00000, 0x000000008fb00000| Complete 
| 252|0x000000008fc00000, 0x000000008fd00000, 0x000000008fd00000|100%| E|CS|TAMS 0x000000008fc00000, 0x000000008fc00000| Complete 
| 253|0x000000008fd00000, 0x000000008fe00000, 0x000000008fe00000|100%| E|CS|TAMS 0x000000008fd00000, 0x000000008fd00000| Complete 
| 254|0x000000008fe00000, 0x000000008ff00000, 0x000000008ff00000|100%| E|CS|TAMS 0x000000008fe00000, 0x000000008fe00000| Complete 
| 255|0x000000008ff00000, 0x0000000090000000, 0x0000000090000000|100%| E|CS|TAMS 0x000000008ff00000, 0x000000008ff00000| Complete 

Card table byte_map: [0x0000015efa540000,0x0000015efa940000] _byte_map_base: 0x0000015efa140000

Marking Bits (Prev, Next): (CMBitMap*) 0x0000015ee766eee8, (CMBitMap*) 0x0000015ee766ef20
 Prev Bits: [0x0000015efad40000, 0x0000015efcd40000)
 Next Bits: [0x0000015efcd40000, 0x0000015efed40000)

Polling page: 0x0000015ee5650000

Metaspace:

Usage:
  Non-class:     36.04 MB capacity,    35.34 MB ( 98%) used,   619.01 KB (  2%) free+waste,   103.75 KB ( <1%) overhead. 
      Class:      5.47 MB capacity,     5.13 MB ( 94%) used,   305.22 KB (  5%) free+waste,    49.50 KB ( <1%) overhead. 
       Both:     41.52 MB capacity,    40.47 MB ( 97%) used,   924.23 KB (  2%) free+waste,   153.25 KB ( <1%) overhead. 

Virtual space:
  Non-class space:       38.00 MB reserved,      36.20 MB ( 95%) committed 
      Class space:        1.00 GB reserved,       5.50 MB ( <1%) committed 
             Both:        1.04 GB reserved,      41.70 MB (  4%) committed 

Chunk freelists:
   Non-Class:  30.00 KB
       Class:  0 bytes
        Both:  30.00 KB

MaxMetaspaceSize: 17179869184.00 GB
CompressedClassSpaceSize: 1.00 GB
Initial GC threshold: 20.80 MB
Current GC threshold: 58.88 MB
CDS: off

CodeHeap 'non-profiled nmethods': size=120064Kb used=2335Kb max_used=2335Kb free=117728Kb
 bounds [0x0000015ef2c00000, 0x0000015ef2e70000, 0x0000015efa140000]
CodeHeap 'profiled nmethods': size=120000Kb used=9159Kb max_used=9159Kb free=110840Kb
 bounds [0x0000015eeb6d0000, 0x0000015eebfd0000, 0x0000015ef2c00000]
CodeHeap 'non-nmethods': size=5696Kb used=2278Kb max_used=2336Kb free=3418Kb
 bounds [0x0000015eeb140000, 0x0000015eeb3b0000, 0x0000015eeb6d0000]
 total_blobs=5051 nmethods=4287 adapters=676
 compilation: enabled
              stopped_count=0, restarted_count=0
 full_count=0

Compilation events (20 events):
Event: 155.711 Thread 0x0000015effb00800 4295       3       com.esotericsoftware.kryo.io.Output::writeBoolean (44 bytes)
Event: 155.711 Thread 0x0000015effb00800 nmethod 4295 0x0000015eebfbdd10 code [0x0000015eebfbdee0, 0x0000015eebfbe108]
Event: 155.713 Thread 0x0000015effafa000 4296       4       org.gradle.internal.logging.text.AbstractStyledTextOutput::text (19 bytes)
Event: 155.714 Thread 0x0000015effafa000 nmethod 4296 0x0000015ef2e47c10 code [0x0000015ef2e47da0, 0x0000015ef2e47e58]
Event: 155.715 Thread 0x0000015effb00800 4297       3       org.gradle.tooling.internal.provider.runner.ToolingApiBuildEventListenerFactory$1::progress (1 bytes)
Event: 155.715 Thread 0x0000015effb00800 nmethod 4297 0x0000015eebfbe210 code [0x0000015eebfbe3c0, 0x0000015eebfbe4b8]
Event: 155.715 Thread 0x0000015effb00800 4298       3       org.gradle.internal.operations.notify.BuildOperationNotificationBridge$Adapter::progress (47 bytes)
Event: 155.716 Thread 0x0000015effb00800 nmethod 4298 0x0000015eebfbe590 code [0x0000015eebfbe7a0, 0x0000015eebfbef48]
Event: 155.716 Thread 0x0000015effb00800 4299   !   3       org.gradle.internal.operations.notify.BuildOperationNotificationBridge$ReplayAndAttachListener::progress (64 bytes)
Event: 155.716 Thread 0x0000015effb00800 nmethod 4299 0x0000015eebfbf190 code [0x0000015eebfbf3a0, 0x0000015eebfbf908]
Event: 155.716 Thread 0x0000015effb00800 4300       3       org.gradle.internal.operations.notify.BuildOperationNotificationBridge$RecordingListener::progress (12 bytes)
Event: 155.716 Thread 0x0000015effb00800 nmethod 4300 0x0000015eebfbfb10 code [0x0000015eebfbfcc0, 0x0000015eebfbfe88]
Event: 155.717 Thread 0x0000015effb00800 4301       3       org.gradle.internal.logging.events.StyledTextOutputEvent::render (55 bytes)
Event: 155.717 Thread 0x0000015effb00800 nmethod 4301 0x0000015eebfbff90 code [0x0000015eebfc01a0, 0x0000015eebfc0828]
Event: 155.722 Thread 0x0000015effb00800 4302       3       org.gradle.internal.serialize.AbstractCollectionSerializer::write (52 bytes)
Event: 155.722 Thread 0x0000015effb00800 nmethod 4302 0x0000015eebfc0a10 code [0x0000015eebfc0c20, 0x0000015eebfc1258]
Event: 155.722 Thread 0x0000015effb00800 4303       3       org.gradle.internal.serialize.kryo.KryoBackedEncoder::writeInt (9 bytes)
Event: 155.722 Thread 0x0000015effb00800 nmethod 4303 0x0000015eebfc1490 code [0x0000015eebfc1640, 0x0000015eebfc1788]
Event: 155.722 Thread 0x0000015effb00800 4304       3       com.esotericsoftware.kryo.io.Output::writeInt (81 bytes)
Event: 155.723 Thread 0x0000015effb00800 nmethod 4304 0x0000015eebfc1890 code [0x0000015eebfc1a60, 0x0000015eebfc1c88]

GC Heap History (15 events):
Event: 0.625 GC heap before
{Heap before GC invocations=0 (full 0):
 garbage-first heap   total 262144K, used 20480K [0x0000000080000000, 0x0000000100000000)
  region size 1024K, 14 young (14336K), 0 survivors (0K)
 Metaspace       used 6728K, capacity 6925K, committed 7168K, reserved 1056768K
  class space    used 582K, capacity 650K, committed 768K, reserved 1048576K
}
Event: 0.630 GC heap after
{Heap after GC invocations=1 (full 0):
 garbage-first heap   total 262144K, used 7566K [0x0000000080000000, 0x0000000100000000)
  region size 1024K, 2 young (2048K), 2 survivors (2048K)
 Metaspace       used 6728K, capacity 6925K, committed 7168K, reserved 1056768K
  class space    used 582K, capacity 650K, committed 768K, reserved 1048576K
}
Event: 0.992 GC heap before
{Heap before GC invocations=1 (full 0):
 garbage-first heap   total 262144K, used 18830K [0x0000000080000000, 0x0000000100000000)
  region size 1024K, 13 young (13312K), 2 survivors (2048K)
 Metaspace       used 9847K, capacity 10054K, committed 10112K, reserved 1058816K
  class space    used 1028K, capacity 1102K, committed 1152K, reserved 1048576K
}
Event: 0.995 GC heap after
{Heap after GC invocations=2 (full 0):
 garbage-first heap   total 262144K, used 9855K [0x0000000080000000, 0x0000000100000000)
  region size 1024K, 2 young (2048K), 2 survivors (2048K)
 Metaspace       used 9847K, capacity 10054K, committed 10112K, reserved 1058816K
  class space    used 1028K, capacity 1102K, committed 1152K, reserved 1048576K
}
Event: 1.417 GC heap before
{Heap before GC invocations=2 (full 0):
 garbage-first heap   total 262144K, used 39551K [0x0000000080000000, 0x0000000100000000)
  region size 1024K, 30 young (30720K), 2 survivors (2048K)
 Metaspace       used 10826K, capacity 11009K, committed 11264K, reserved 1058816K
  class space    used 1131K, capacity 1207K, committed 1280K, reserved 1048576K
}
Event: 1.420 GC heap after
{Heap after GC invocations=3 (full 0):
 garbage-first heap   total 262144K, used 12087K [0x0000000080000000, 0x0000000100000000)
  region size 1024K, 3 young (3072K), 3 survivors (3072K)
 Metaspace       used 10826K, capacity 11009K, committed 11264K, reserved 1058816K
  class space    used 1131K, capacity 1207K, committed 1280K, reserved 1048576K
}
Event: 2.847 GC heap before
{Heap before GC invocations=3 (full 0):
 garbage-first heap   total 262144K, used 59191K [0x0000000080000000, 0x0000000100000000)
  region size 1024K, 49 young (50176K), 3 survivors (3072K)
 Metaspace       used 17690K, capacity 18035K, committed 18176K, reserved 1064960K
  class space    used 2097K, capacity 2209K, committed 2304K, reserved 1048576K
}
Event: 2.856 GC heap after
{Heap after GC invocations=4 (full 0):
 garbage-first heap   total 262144K, used 16722K [0x0000000080000000, 0x0000000100000000)
  region size 1024K, 7 young (7168K), 7 survivors (7168K)
 Metaspace       used 17690K, capacity 18035K, committed 18176K, reserved 1064960K
  class space    used 2097K, capacity 2209K, committed 2304K, reserved 1048576K
}
Event: 3.228 GC heap before
{Heap before GC invocations=4 (full 0):
 garbage-first heap   total 262144K, used 42322K [0x0000000080000000, 0x0000000100000000)
  region size 1024K, 33 young (33792K), 7 survivors (7168K)
 Metaspace       used 20715K, capacity 21135K, committed 21248K, reserved 1067008K
  class space    used 2546K, capacity 2710K, committed 2816K, reserved 1048576K
}
Event: 3.237 GC heap after
{Heap after GC invocations=5 (full 0):
 garbage-first heap   total 262144K, used 17906K [0x0000000080000000, 0x0000000100000000)
  region size 1024K, 1 young (1024K), 1 survivors (1024K)
 Metaspace       used 20715K, capacity 21135K, committed 21248K, reserved 1067008K
  class space    used 2546K, capacity 2710K, committed 2816K, reserved 1048576K
}
Event: 4.221 GC heap before
{Heap before GC invocations=6 (full 0):
 garbage-first heap   total 262144K, used 78322K [0x0000000080000000, 0x0000000100000000)
  region size 1024K, 60 young (61440K), 1 survivors (1024K)
 Metaspace       used 26941K, capacity 27496K, committed 27648K, reserved 1073152K
  class space    used 3516K, capacity 3734K, committed 3840K, reserved 1048576K
}
Event: 4.229 GC heap after
{Heap after GC invocations=7 (full 0):
 garbage-first heap   total 262144K, used 19946K [0x0000000080000000, 0x0000000100000000)
  region size 1024K, 3 young (3072K), 3 survivors (3072K)
 Metaspace       used 26941K, capacity 27496K, committed 27648K, reserved 1073152K
  class space    used 3516K, capacity 3734K, committed 3840K, reserved 1048576K
}
Event: 5.370 GC heap before
{Heap before GC invocations=7 (full 0):
 garbage-first heap   total 262144K, used 73194K [0x0000000080000000, 0x0000000100000000)
  region size 1024K, 56 young (57344K), 3 survivors (3072K)
 Metaspace       used 34894K, capacity 35723K, committed 35840K, reserved 1081344K
  class space    used 4532K, capacity 4839K, committed 4864K, reserved 1048576K
}
Event: 5.385 GC heap after
{Heap after GC invocations=8 (full 0):
 garbage-first heap   total 262144K, used 23026K [0x0000000080000000, 0x0000000100000000)
  region size 1024K, 6 young (6144K), 6 survivors (6144K)
 Metaspace       used 34894K, capacity 35723K, committed 35840K, reserved 1081344K
  class space    used 4532K, capacity 4839K, committed 4864K, reserved 1048576K
}
Event: 155.731 GC heap before
{Heap before GC invocations=9 (full 0):
 garbage-first heap   total 262144K, used 112114K [0x0000000080000000, 0x0000000100000000)
  region size 1024K, 91 young (93184K), 6 survivors (6144K)
 Metaspace       used 41438K, capacity 42516K, committed 42700K, reserved 1087488K
  class space    used 5251K, capacity 5606K, committed 5632K, reserved 1048576K
}

Deoptimization events (20 events):
Event: 12.605 Thread 0x0000015e8439d800 DEOPT PACKING pc=0x0000015ef2c37874 sp=0x000000199f4fe920
Event: 12.605 Thread 0x0000015e8439d800 DEOPT UNPACKING pc=0x0000015eeb18a1af sp=0x000000199f4fe8b0 mode 2
Event: 12.606 Thread 0x0000015e8439d800 Uncommon trap: trap_request=0xffffff4d fr.pc=0x0000015ef2c4e4a0 relative=0x00000000000005e0
Event: 12.606 Thread 0x0000015e8439d800 Uncommon trap: reason=unstable_if action=reinterpret pc=0x0000015ef2c4e4a0 method=java.lang.AbstractStringBuilder.append(Ljava/lang/String;)Ljava/lang/AbstractStringBuilder; @ 1 c2
Event: 12.606 Thread 0x0000015e8439d800 DEOPT PACKING pc=0x0000015ef2c4e4a0 sp=0x000000199f4fe8d0
Event: 12.606 Thread 0x0000015e8439d800 DEOPT UNPACKING pc=0x0000015eeb18a1af sp=0x000000199f4fe8b8 mode 2
Event: 51.219 Thread 0x0000015e843a1000 DEOPT PACKING pc=0x0000015eeba01801 sp=0x000000199f8fd9c0
Event: 51.219 Thread 0x0000015e843a1000 DEOPT UNPACKING pc=0x0000015eeb18a95e sp=0x000000199f8fce90 mode 0
Event: 51.344 Thread 0x0000015e843a1800 DEOPT PACKING pc=0x0000015eebe83a2d sp=0x000000199f5fcd90
Event: 51.344 Thread 0x0000015e843a1800 DEOPT UNPACKING pc=0x0000015eeb18a95e sp=0x000000199f5fc258 mode 0
Event: 51.345 Thread 0x0000015e843a1800 DEOPT PACKING pc=0x0000015eebe83a2d sp=0x000000199f5fbc90
Event: 51.345 Thread 0x0000015e843a1800 DEOPT UNPACKING pc=0x0000015eeb18a95e sp=0x000000199f5fb158 mode 0
Event: 51.346 Thread 0x0000015e843a1800 DEOPT PACKING pc=0x0000015eebe83a2d sp=0x000000199f5fbc90
Event: 51.346 Thread 0x0000015e843a1800 DEOPT UNPACKING pc=0x0000015eeb18a95e sp=0x000000199f5fb158 mode 0
Event: 51.374 Thread 0x0000015e84675800 DEOPT PACKING pc=0x0000015eeba04ea7 sp=0x000000199f7fdd10
Event: 51.374 Thread 0x0000015e84675800 DEOPT UNPACKING pc=0x0000015eeb18a95e sp=0x000000199f7fd288 mode 0
Event: 89.611 Thread 0x0000015e843a1000 DEOPT PACKING pc=0x0000015eeb78951b sp=0x000000199f8f9580
Event: 89.613 Thread 0x0000015e843a1000 DEOPT UNPACKING pc=0x0000015eeb18a95e sp=0x000000199f8f8ac0 mode 0
Event: 89.659 Thread 0x0000015e84674800 DEOPT PACKING pc=0x0000015eebe535e9 sp=0x000000199f7fe810
Event: 89.659 Thread 0x0000015e84674800 DEOPT UNPACKING pc=0x0000015eeb18a95e sp=0x000000199f7fdcb0 mode 0

Classes redefined (0 events):
No events

Internal exceptions (20 events):
Event: 6.619 Thread 0x0000015e843a1000 Exception <a 'java/lang/NoSuchMethodError'{0x000000008b6a2990}: 'java.lang.Object java.lang.invoke.Invokers$Holder.linkToTargetMethod(java.lang.Object, java.lang.Object, java.lang.Object, int, java.lang.Object)'> (0x000000008b6a2990) thrown at [./src/hotspot/share/interpreter/linkResolver.cpp, line 773]
Event: 6.914 Thread 0x0000015e843a1800 Exception <a 'java/lang/NoSuchMethodError'{0x000000008b2ab4c0}: <clinit>> (0x000000008b2ab4c0) thrown at [./src/hotspot/share/prims/jni.cpp, line 1365]
Event: 6.961 Thread 0x0000015e843a1800 Exception <a 'java/lang/NoSuchMethodError'{0x000000008b2bc380}: <clinit>> (0x000000008b2bc380) thrown at [./src/hotspot/share/prims/jni.cpp, line 1365]
Event: 6.962 Thread 0x0000015e843a1800 Exception <a 'java/lang/NoSuchMethodError'{0x000000008b2bda68}: <clinit>> (0x000000008b2bda68) thrown at [./src/hotspot/share/prims/jni.cpp, line 1365]
Event: 6.967 Thread 0x0000015e843a1800 Exception <a 'java/lang/NoSuchMethodError'{0x000000008b2cfc68}: <clinit>> (0x000000008b2cfc68) thrown at [./src/hotspot/share/prims/jni.cpp, line 1365]
Event: 6.979 Thread 0x0000015e843a1800 Exception <a 'java/lang/NoSuchMethodError'{0x000000008b2dbdf0}: <clinit>> (0x000000008b2dbdf0) thrown at [./src/hotspot/share/prims/jni.cpp, line 1365]
Event: 12.605 Thread 0x0000015e8439d800 Implicit null exception at 0x0000015ef2c372f7 to 0x0000015ef2c37860
Event: 12.606 Thread 0x0000015e8439d800 Implicit null exception at 0x0000015ef2c4def4 to 0x0000015ef2c4e48c
Event: 51.278 Thread 0x0000015e843a1000 Exception <a 'java/lang/ClassFormatError'{0x000000008aea8f28}: Truncated class file> (0x000000008aea8f28) thrown at [./src/hotspot/share/classfile/classFileStream.cpp, line 36]
Event: 51.278 Thread 0x0000015e843a1000 Exception <a 'java/lang/ClassFormatError'{0x000000008aea8f28}> (0x000000008aea8f28) thrown at [./src/hotspot/share/prims/jvm.cpp, line 1310]
Event: 51.278 Thread 0x0000015e843a1000 Exception <a 'java/lang/reflect/InvocationTargetException'{0x000000008aeaa1e8}> (0x000000008aeaa1e8) thrown at [./src/hotspot/share/runtime/reflection.cpp, line 1247]
Event: 51.278 Thread 0x0000015e843a1000 Exception <a 'java/lang/reflect/InvocationTargetException'{0x000000008aeac220}> (0x000000008aeac220) thrown at [./src/hotspot/share/runtime/reflection.cpp, line 1247]
Event: 89.635 Thread 0x0000015e843a1000 Exception <a 'java/lang/ClassFormatError'{0x000000008abf79b8}: Truncated class file> (0x000000008abf79b8) thrown at [./src/hotspot/share/classfile/classFileStream.cpp, line 36]
Event: 89.635 Thread 0x0000015e843a1000 Exception <a 'java/lang/ClassFormatError'{0x000000008abf79b8}> (0x000000008abf79b8) thrown at [./src/hotspot/share/prims/jvm.cpp, line 1310]
Event: 89.635 Thread 0x0000015e843a1000 Exception <a 'java/lang/reflect/InvocationTargetException'{0x000000008abf8c78}> (0x000000008abf8c78) thrown at [./src/hotspot/share/runtime/reflection.cpp, line 1247]
Event: 89.635 Thread 0x0000015e843a1000 Exception <a 'java/lang/reflect/InvocationTargetException'{0x000000008abfacb0}> (0x000000008abfacb0) thrown at [./src/hotspot/share/runtime/reflection.cpp, line 1247]
Event: 155.605 Thread 0x0000015e84674000 Exception <a 'java/lang/ClassFormatError'{0x000000008a533db8}: Truncated class file> (0x000000008a533db8) thrown at [./src/hotspot/share/classfile/classFileStream.cpp, line 36]
Event: 155.605 Thread 0x0000015e84674000 Exception <a 'java/lang/ClassFormatError'{0x000000008a533db8}> (0x000000008a533db8) thrown at [./src/hotspot/share/prims/jvm.cpp, line 1310]
Event: 155.605 Thread 0x0000015e84674000 Exception <a 'java/lang/reflect/InvocationTargetException'{0x000000008a535078}> (0x000000008a535078) thrown at [./src/hotspot/share/runtime/reflection.cpp, line 1247]
Event: 155.605 Thread 0x0000015e84674000 Exception <a 'java/lang/reflect/InvocationTargetException'{0x000000008a5370b0}> (0x000000008a5370b0) thrown at [./src/hotspot/share/runtime/reflection.cpp, line 1247]

Events (20 events):
Event: 155.587 Executing VM operation: RevokeBias done
Event: 155.587 Executing VM operation: RevokeBias
Event: 155.587 Executing VM operation: RevokeBias done
Event: 155.600 Executing VM operation: RevokeBias
Event: 155.600 Executing VM operation: RevokeBias done
Event: 155.600 Executing VM operation: RevokeBias
Event: 155.600 Executing VM operation: RevokeBias done
Event: 155.604 loading class groovyjarjarasm/asm/ModuleVisitor
Event: 155.604 loading class groovyjarjarasm/asm/ModuleVisitor done
Event: 155.604 Executing VM operation: RevokeBias
Event: 155.604 Executing VM operation: RevokeBias done
Event: 155.604 Executing VM operation: RevokeBias
Event: 155.604 Executing VM operation: RevokeBias done
Event: 155.606 Executing VM operation: RevokeBias
Event: 155.606 Executing VM operation: RevokeBias done
Event: 155.606 Executing VM operation: RevokeBias
Event: 155.606 Executing VM operation: RevokeBias done
Event: 155.606 Executing VM operation: RevokeBias
Event: 155.606 Executing VM operation: RevokeBias done
Event: 155.730 Executing VM operation: G1CollectForAllocation


Dynamic libraries:
0x00007ff6d3650000 - 0x00007ff6d365a000 	C:\Program Files\Android\Android Studio\jre\bin\java.exe
0x00007ff8db3c0000 - 0x00007ff8db5c7000 	C:\Windows\SYSTEM32\ntdll.dll
0x00007ff8da450000 - 0x00007ff8da50d000 	C:\Windows\System32\KERNEL32.DLL
0x00007ff8d8960000 - 0x00007ff8d8cd2000 	C:\Windows\System32\KERNELBASE.dll
0x00007ff8d8fe0000 - 0x00007ff8d90f1000 	C:\Windows\System32\ucrtbase.dll
0x00007ff8a5a30000 - 0x00007ff8a5a47000 	C:\Program Files\Android\Android Studio\jre\bin\VCRUNTIME140.dll
0x00007ff8a5a10000 - 0x00007ff8a5a29000 	C:\Program Files\Android\Android Studio\jre\bin\jli.dll
0x00007ff8d97d0000 - 0x00007ff8d997c000 	C:\Windows\System32\USER32.dll
0x00007ff8cb510000 - 0x00007ff8cb7b5000 	C:\Windows\WinSxS\amd64_microsoft.windows.common-controls_6595b64144ccf1df_6.0.21996.1_none_7d6b053978bcd706\COMCTL32.dll
0x00007ff8d9100000 - 0x00007ff8d9126000 	C:\Windows\System32\win32u.dll
0x00007ff8dac50000 - 0x00007ff8dacf3000 	C:\Windows\System32\msvcrt.dll
0x00007ff8da2b0000 - 0x00007ff8da2d9000 	C:\Windows\System32\GDI32.dll
0x00007ff8d8ce0000 - 0x00007ff8d8df2000 	C:\Windows\System32\gdi32full.dll
0x00007ff8d9130000 - 0x00007ff8d91cd000 	C:\Windows\System32\msvcp_win.dll
0x00007ff8da2e0000 - 0x00007ff8da311000 	C:\Windows\System32\IMM32.DLL
0x00007ff8a3800000 - 0x00007ff8a389d000 	C:\Program Files\Android\Android Studio\jre\bin\msvcp140.dll
0x00007ff8a1750000 - 0x00007ff8a2235000 	C:\Program Files\Android\Android Studio\jre\bin\server\jvm.dll
0x00007ff8da5f0000 - 0x00007ff8da69c000 	C:\Windows\System32\ADVAPI32.dll
0x00007ff8d93e0000 - 0x00007ff8d947d000 	C:\Windows\System32\sechost.dll
0x00007ff8d92b0000 - 0x00007ff8d93d1000 	C:\Windows\System32\RPCRT4.dll
0x00007ff8d9510000 - 0x00007ff8d9518000 	C:\Windows\System32\PSAPI.DLL
0x00007ff8cac80000 - 0x00007ff8cac89000 	C:\Windows\SYSTEM32\WSOCK32.dll
0x00007ff8d2c00000 - 0x00007ff8d2c33000 	C:\Windows\SYSTEM32\WINMM.dll
0x00007ff8dadb0000 - 0x00007ff8dae1f000 	C:\Windows\System32\WS2_32.dll
0x00007ff8cc620000 - 0x00007ff8cc62a000 	C:\Windows\SYSTEM32\VERSION.dll
0x00007ff8d7a10000 - 0x00007ff8d7a27000 	C:\Windows\SYSTEM32\kernel.appcore.dll
0x00007ff8d4eb0000 - 0x00007ff8d4ec1000 	C:\Program Files\Android\Android Studio\jre\bin\verify.dll
0x00007ff8b7a00000 - 0x00007ff8b7c21000 	C:\Windows\SYSTEM32\DBGHELP.DLL
0x00007ff8c6950000 - 0x00007ff8c6981000 	C:\Windows\SYSTEM32\dbgcore.DLL
0x00007ff8d88e0000 - 0x00007ff8d8960000 	C:\Windows\System32\bcryptPrimitives.dll
0x00007ff8c6920000 - 0x00007ff8c6949000 	C:\Program Files\Android\Android Studio\jre\bin\java.dll
0x00007ff8d4ea0000 - 0x00007ff8d4eab000 	C:\Program Files\Android\Android Studio\jre\bin\jimage.dll
0x00007ff8c68a0000 - 0x00007ff8c68b8000 	C:\Program Files\Android\Android Studio\jre\bin\zip.dll
0x00007ff8d9980000 - 0x00007ff8da0e9000 	C:\Windows\System32\SHELL32.dll
0x00007ff8d6aa0000 - 0x00007ff8d72f8000 	C:\Windows\SYSTEM32\windows.storage.dll
0x00007ff8da700000 - 0x00007ff8daa75000 	C:\Windows\System32\combase.dll
0x00007ff8d6930000 - 0x00007ff8d6a96000 	C:\Windows\SYSTEM32\wintypes.dll
0x00007ff8dae20000 - 0x00007ff8daf0a000 	C:\Windows\System32\SHCORE.dll
0x00007ff8dabf0000 - 0x00007ff8dac4d000 	C:\Windows\System32\shlwapi.dll
0x00007ff8d8810000 - 0x00007ff8d8831000 	C:\Windows\SYSTEM32\profapi.dll
0x00007ff8c6880000 - 0x00007ff8c689a000 	C:\Program Files\Android\Android Studio\jre\bin\net.dll
0x00007ff8d1210000 - 0x00007ff8d131c000 	C:\Windows\SYSTEM32\WINHTTP.dll
0x00007ff8d7e20000 - 0x00007ff8d7e87000 	C:\Windows\system32\mswsock.dll
0x00007ff8c56b0000 - 0x00007ff8c56c4000 	C:\Program Files\Android\Android Studio\jre\bin\nio.dll
0x00007ff8cd390000 - 0x00007ff8cd3b7000 	C:\Users\Saad\.gradle\native\e1d6ef7f7dcc3fd88c89a11ec53ec762bb8ba0a96d01ffa2cd45eb1d1d8dd5c5\windows-amd64\native-platform.dll
0x00007ff8a3300000 - 0x00007ff8a3444000 	C:\Users\Saad\.gradle\native\5664cfc778a61ccfe75a443a1ab52a65af34e5dc3c78e0209fed803814484fcb\windows-amd64\native-platform-file-events.dll
0x00007ff8d4e90000 - 0x00007ff8d4e9a000 	C:\Program Files\Android\Android Studio\jre\bin\management.dll
0x00007ff8c7090000 - 0x00007ff8c709d000 	C:\Program Files\Android\Android Studio\jre\bin\management_ext.dll
0x00007ff8d8060000 - 0x00007ff8d8078000 	C:\Windows\SYSTEM32\CRYPTSP.dll
0x00007ff8d7970000 - 0x00007ff8d79a5000 	C:\Windows\system32\rsaenh.dll
0x00007ff8d7f10000 - 0x00007ff8d7f39000 	C:\Windows\SYSTEM32\USERENV.dll
0x00007ff8d81e0000 - 0x00007ff8d8207000 	C:\Windows\SYSTEM32\bcrypt.dll
0x00007ff8d8080000 - 0x00007ff8d808c000 	C:\Windows\SYSTEM32\CRYPTBASE.dll
0x00007ff8d7550000 - 0x00007ff8d757d000 	C:\Windows\SYSTEM32\IPHLPAPI.DLL
0x00007ff8daae0000 - 0x00007ff8daae9000 	C:\Windows\System32\NSI.dll
0x00007ff8d1f60000 - 0x00007ff8d1f79000 	C:\Windows\SYSTEM32\dhcpcsvc6.DLL
0x00007ff8d2740000 - 0x00007ff8d275e000 	C:\Windows\SYSTEM32\dhcpcsvc.DLL
0x00007ff8d75c0000 - 0x00007ff8d76a5000 	C:\Windows\SYSTEM32\DNSAPI.dll

dbghelp: loaded successfully - version: 4.0.5 - missing functions: none
symbol engine: initialized successfully - sym options: 0x614 - pdb path: .;C:\Program Files\Android\Android Studio\jre\bin;C:\Windows\SYSTEM32;C:\Windows\WinSxS\amd64_microsoft.windows.common-controls_6595b64144ccf1df_6.0.21996.1_none_7d6b053978bcd706;C:\Program Files\Android\Android Studio\jre\bin\server;C:\Users\Saad\.gradle\native\e1d6ef7f7dcc3fd88c89a11ec53ec762bb8ba0a96d01ffa2cd45eb1d1d8dd5c5\windows-amd64;C:\Users\Saad\.gradle\native\5664cfc778a61ccfe75a443a1ab52a65af34e5dc3c78e0209fed803814484fcb\windows-amd64

VM Arguments:
jvm_args: --add-opens=java.base/java.util=ALL-UNNAMED --add-opens=java.base/java.lang=ALL-UNNAMED --add-opens=java.base/java.lang.invoke=ALL-UNNAMED --add-opens=java.base/java.util=ALL-UNNAMED --add-opens=java.prefs/java.util.prefs=ALL-UNNAMED --add-opens=java.prefs/java.util.prefs=ALL-UNNAMED --add-opens=java.base/java.nio.charset=ALL-UNNAMED --add-opens=java.base/java.net=ALL-UNNAMED --add-opens=java.base/java.util.concurrent.atomic=ALL-UNNAMED -Xmx2048m -Dfile.encoding=UTF-8 -Duser.country=US -Duser.language=en -Duser.variant 
java_command: org.gradle.launcher.daemon.bootstrap.GradleDaemon 7.3.3
java_class_path (initial): C:\Users\Saad\.gradle\wrapper\dists\gradle-7.3.3-bin\6a41zxkdtcxs8rphpq6y0069z\gradle-7.3.3\lib\gradle-launcher-7.3.3.jar
Launcher Type: SUN_STANDARD

[Global flags]
     intx CICompilerCount                          = 3                                         {product} {ergonomic}
     uint ConcGCThreads                            = 1                                         {product} {ergonomic}
     uint G1ConcRefinementThreads                  = 4                                         {product} {ergonomic}
   size_t G1HeapRegionSize                         = 1048576                                   {product} {ergonomic}
    uintx GCDrainStackTargetSize                   = 64                                        {product} {ergonomic}
   size_t InitialHeapSize                          = 268435456                                 {product} {ergonomic}
   size_t MarkStackSize                            = 4194304                                   {product} {ergonomic}
   size_t MaxHeapSize                              = 2147483648                                {product} {command line}
   size_t MaxNewSize                               = 1287651328                                {product} {ergonomic}
   size_t MinHeapDeltaBytes                        = 1048576                                   {product} {ergonomic}
    uintx NonNMethodCodeHeapSize                   = 5830732                                {pd product} {ergonomic}
    uintx NonProfiledCodeHeapSize                  = 122913754                              {pd product} {ergonomic}
    uintx ProfiledCodeHeapSize                     = 122913754                              {pd product} {ergonomic}
    uintx ReservedCodeCacheSize                    = 251658240                              {pd product} {ergonomic}
     bool SegmentedCodeCache                       = true                                      {product} {ergonomic}
     bool UseCompressedClassPointers               = true                                 {lp64_product} {ergonomic}
     bool UseCompressedOops                        = true                                 {lp64_product} {ergonomic}
     bool UseG1GC                                  = true                                      {product} {ergonomic}
     bool UseLargePagesIndividualAllocation        = false                                  {pd product} {ergonomic}

Logging:
Log output configuration:
 #0: stdout all=warning uptime,level,tags
 #1: stderr all=off uptime,level,tags

Environment Variables:
PATH=C:\Program Files\Common Files\Oracle\Java\javapath;C:\Program Files (x86)\Common Files\Oracle\Java\javapath;C:\Program Files (x86)\Intel\iCLS Client\;C:\Program Files\Intel\iCLS Client\;C:\Windows\system32;C:\Windows;C:\Windows\System32\Wbem;C:\Windows\System32\WindowsPowerShell\v1.0\;C:\Windows\System32\OpenSSH\;C:\Program Files\Git\cmd;C:\Program Files (x86)\Intel\OpenCL SDK\2.0\bin\x86;C:\Program Files (x86)\Intel\OpenCL SDK\2.0\bin\x64;C:\Users\Saad\AppData\Local\Microsoft\WindowsApps;C:\Path_Program;
USERNAME=Saad
OS=Windows_NT
PROCESSOR_IDENTIFIER=Intel64 Family 6 Model 42 Stepping 7, GenuineIntel



---------------  S Y S T E M  ---------------

OS: Windows 10 , 64 bit Build 21996 (10.0.21996.1)
OS uptime: 0 days 1:22 hours

CPU:total 4 (initial active 4) (2 cores per cpu, 2 threads per core) family 6 model 42 stepping 7 microcode 0x2f, cmov, cx8, fxsr, mmx, sse, sse2, sse3, ssse3, sse4.1, sse4.2, popcnt, avx, aes, clmul, ht, tsc, tscinvbit

Memory: 4k page, system-wide physical 16331M (7210M free)
TotalPageFile size 16331M (AvailPageFile size 7481M)
current process WorkingSet (physical memory assigned to process): 242M, peak: 259M
current process commit charge ("private bytes"): 413M, peak: 448M

vm_info: OpenJDK 64-Bit Server VM (11.0.12+7-b1504.28-7817840) for windows-amd64 JRE (11.0.12+7-b1504.28-7817840), built on Oct 13 2021 22:12:33 by "builder" with MS VC++ 14.0 (VS2015)

END.
